<?xml version="1.0" encoding="UTF-8"?>
<!-- Generated by org.testng.reporters.JUnitReportReporter -->
<testsuite skipped="0" hostname="LAPTOP-TLNBM74M" name="test.hanxinjie.demo.TestUser" tests="24" failures="0" timestamp="27 十月 2021 08:44:21 GMT" time="206.048" errors="0">
  <testcase name="test18" time="13.662" classname="test.hanxinjie.demo.TestUser"/>
  <testcase name="test22" time="10.709" classname="test.hanxinjie.demo.TestUser"/>
  <testcase name="test8" time="5.229" classname="test.hanxinjie.demo.TestUser"/>
  <testcase name="test21" time="10.710" classname="test.hanxinjie.demo.TestUser"/>
  <testcase name="test11" time="8.353" classname="test.hanxinjie.demo.TestUser"/>
  <testcase name="test15" time="5.449" classname="test.hanxinjie.demo.TestUser"/>
  <testcase name="test9" time="5.405" classname="test.hanxinjie.demo.TestUser"/>
  <testcase name="test16" time="5.442" classname="test.hanxinjie.demo.TestUser"/>
  <testcase name="test6" time="5.439" classname="test.hanxinjie.demo.TestUser"/>
  <testcase name="test17" time="8.368" classname="test.hanxinjie.demo.TestUser"/>
  <testcase name="test12" time="8.384" classname="test.hanxinjie.demo.TestUser"/>
  <testcase name="test1" time="10.831" classname="test.hanxinjie.demo.TestUser"/>
  <testcase name="test4" time="5.229" classname="test.hanxinjie.demo.TestUser"/>
  <testcase name="test24" time="13.613" classname="test.hanxinjie.demo.TestUser"/>
  <testcase name="test19" time="13.662" classname="test.hanxinjie.demo.TestUser"/>
  <testcase name="test20" time="10.662" classname="test.hanxinjie.demo.TestUser"/>
  <testcase name="test2" time="15.638" classname="test.hanxinjie.demo.TestUser"/>
  <testcase name="test23" time="13.585" classname="test.hanxinjie.demo.TestUser"/>
  <testcase name="test5" time="5.447" classname="test.hanxinjie.demo.TestUser"/>
  <testcase name="test14" time="5.430" classname="test.hanxinjie.demo.TestUser"/>
  <testcase name="test3" time="8.425" classname="test.hanxinjie.demo.TestUser"/>
  <testcase name="test10" time="5.454" classname="test.hanxinjie.demo.TestUser"/>
  <testcase name="test7" time="5.463" classname="test.hanxinjie.demo.TestUser"/>
  <testcase name="test13" time="5.459" classname="test.hanxinjie.demo.TestUser"/>
</testsuite> <!-- test.hanxinjie.demo.TestUser -->
