<?xml version="1.0" encoding="UTF-8"?>
<!-- Generated by org.testng.reporters.JUnitReportReporter -->
<testsuite skipped="0" hostname="LAPTOP-TLNBM74M" name="test.hanxinjie.demo.Admin_Login" tests="1" failures="0" timestamp="26 十月 2021 12:06:09 GMT" time="15.003" errors="0">
  <testcase name="testLogin1" time="15.003" classname="test.hanxinjie.demo.Admin_Login"/>
</testsuite> <!-- test.hanxinjie.demo.Admin_Login -->
