<?xml version="1.0" encoding="UTF-8"?>
<!-- Generated by org.testng.reporters.JUnitReportReporter -->
<testsuite skipped="0" hostname="LAPTOP-TLNBM74M" name="test.hanxinjie.demo.TestScore" tests="1" failures="0" timestamp="27 十月 2021 13:26:30 GMT" time="20.963" errors="0">
  <testcase name="test36" time="20.963" classname="test.hanxinjie.demo.TestScore"/>
</testsuite> <!-- test.hanxinjie.demo.TestScore -->
