<?xml version="1.0" encoding="UTF-8"?>
<!-- Generated by org.testng.reporters.JUnitReportReporter -->
<testsuite skipped="0" hostname="LAPTOP-TLNBM74M" name="test.hanxinjie.demo.ExcelTest" tests="1" failures="0" timestamp="27 十月 2021 02:18:19 GMT" time="0.499" errors="0">
  <testcase name="num" time="0.499" classname="test.hanxinjie.demo.ExcelTest"/>
</testsuite> <!-- test.hanxinjie.demo.ExcelTest -->
