<?xml version="1.0" encoding="UTF-8"?>
<!-- Generated by org.testng.reporters.JUnitReportReporter -->
<testsuite skipped="0" hostname="LAPTOP-TLNBM74M" name="test.hanxinjie.demo.TestScore" tests="1" failures="0" timestamp="31 十月 2021 08:05:15 GMT" time="0.068" errors="0">
  <testcase name="test" time="0.068" classname="test.hanxinjie.demo.TestScore"/>
</testsuite> <!-- test.hanxinjie.demo.TestScore -->
